<?xml version="1.0" encoding="UTF-8"?>
<!-- Generated by org.testng.reporters.JUnitReportReporter -->
<testsuite hostname="DESKTOP-8CVIPB8" failures="0" tests="1" name="com.lntsufin.pdp.Ob" time="0.144" errors="0" timestamp="4 Mar 2023 11:47:56 GMT">
  <testcase classname="com.lntsufin.pdp.Ob" name="test" time="0.144"/>
</testsuite> <!-- com.lntsufin.pdp.Ob -->
