<?xml version="1.0" encoding="UTF-8"?>
<!-- Generated by org.testng.reporters.JUnitReportReporter -->
<testsuite hostname="DESKTOP-8CVIPB8" failures="0" tests="1" name="com.lntsufin.pdp.TestCase3" time="4.699" errors="0" timestamp="10 Mar 2023 10:59:33 GMT">
  <testcase classname="com.lntsufin.pdp.TestCase3" name="test1" time="4.699"/>
</testsuite> <!-- com.lntsufin.pdp.TestCase3 -->
