<?xml version="1.0" encoding="UTF-8"?>
<!-- Generated by org.testng.reporters.JUnitReportReporter -->
<testsuite hostname="DESKTOP-8CVIPB8" failures="0" tests="1" name="com.lntsufin.pdp.Testcase2" time="1.286" errors="0" timestamp="10 Mar 2023 10:43:18 GMT">
  <testcase classname="com.lntsufin.pdp.Testcase2" name="test1" time="1.286"/>
</testsuite> <!-- com.lntsufin.pdp.Testcase2 -->
