<?xml version="1.0" encoding="UTF-8"?>
<!-- Generated by org.testng.reporters.JUnitReportReporter -->
<testsuite hostname="DESKTOP-8CVIPB8" failures="0" tests="1" name="com.lntsufin.pdp.Test01_RFQ" time="10.322" errors="0" timestamp="10 Mar 2023 09:30:58 GMT">
  <testcase classname="com.lntsufin.pdp.Test01_RFQ" name="test1" time="10.322"/>
</testsuite> <!-- com.lntsufin.pdp.Test01_RFQ -->
